Using pre-set license
Built from '2021.3/staging' branch; Version is '2021.3.15f1 (e8e88683f834) revision 15263878'; Using compiler version '192829333'; Build Type 'Release'
OS: 'Windows 10  (10.0.19045) 64bit Professional' Language: 'es' Physical Memory: 15756 MB
BatchMode: 1, IsHumanControllingUs: 0, StartBugReporterOnCrash: 0, Is64bit: 1, IsPro: 1

COMMAND LINE ARGUMENTS:
D:\Program Files\2021.3.15f1\Editor\Unity.exe
-adb2
-batchMode
-noUpm
-name
AssetImportWorker0
-projectPath
C:/Users/Usuario/Documents/REPOSITORIOS/RepGameMK0/GameMK0/GameMK0
-logFile
Logs/AssetImportWorker0.log
-srvPort
60461
Successfully changed project path to: C:/Users/Usuario/Documents/REPOSITORIOS/RepGameMK0/GameMK0/GameMK0
C:/Users/Usuario/Documents/REPOSITORIOS/RepGameMK0/GameMK0/GameMK0
[UnityMemory] Configuration Parameters - Can be set up in boot.config
    "memorysetup-bucket-allocator-granularity=16"
    "memorysetup-bucket-allocator-bucket-count=8"
    "memorysetup-bucket-allocator-block-size=33554432"
    "memorysetup-bucket-allocator-block-count=8"
    "memorysetup-main-allocator-block-size=16777216"
    "memorysetup-thread-allocator-block-size=16777216"
    "memorysetup-gfx-main-allocator-block-size=16777216"
    "memorysetup-gfx-thread-allocator-block-size=16777216"
    "memorysetup-cache-allocator-block-size=4194304"
    "memorysetup-typetree-allocator-block-size=2097152"
    "memorysetup-profiler-bucket-allocator-granularity=16"
    "memorysetup-profiler-bucket-allocator-bucket-count=8"
    "memorysetup-profiler-bucket-allocator-block-size=33554432"
    "memorysetup-profiler-bucket-allocator-block-count=8"
    "memorysetup-profiler-allocator-block-size=16777216"
    "memorysetup-profiler-editor-allocator-block-size=1048576"
    "memorysetup-temp-allocator-size-main=16777216"
    "memorysetup-job-temp-allocator-block-size=2097152"
    "memorysetup-job-temp-allocator-block-size-background=1048576"
    "memorysetup-job-temp-allocator-reduction-small-platforms=262144"
    "memorysetup-temp-allocator-size-background-worker=32768"
    "memorysetup-temp-allocator-size-job-worker=262144"
    "memorysetup-temp-allocator-size-preload-manager=33554432"
    "memorysetup-temp-allocator-size-nav-mesh-worker=65536"
    "memorysetup-temp-allocator-size-audio-worker=65536"
    "memorysetup-temp-allocator-size-cloud-worker=32768"
    "memorysetup-temp-allocator-size-gi-baking-worker=262144"
    "memorysetup-temp-allocator-size-gfx=262144"
Player connection [5280] Host "[IP] 192.168.1.6 [Port] 0 [Flags] 2 [Guid] 730533536 [EditorId] 730533536 [Version] 1048832 [Id] WindowsEditor(7,DESKTOP-6MBNGNC) [Debug] 1 [PackageName] WindowsEditor [ProjectName] Editor" joined multi-casting on [225.0.0.222:54997]...

Player connection [5280] Host "[IP] 192.168.1.6 [Port] 0 [Flags] 2 [Guid] 730533536 [EditorId] 730533536 [Version] 1048832 [Id] WindowsEditor(7,DESKTOP-6MBNGNC) [Debug] 1 [PackageName] WindowsEditor [ProjectName] Editor" joined alternative multi-casting on [225.0.0.222:34997]...

Refreshing native plugins compatible for Editor in 81.35 ms, found 4 plugins.
Preloading 0 native plugins for Editor in 0.00 ms.
Initialize engine version: 2021.3.15f1 (e8e88683f834)
[Subsystems] Discovering subsystems at path D:/Program Files/2021.3.15f1/Editor/Data/Resources/UnitySubsystems
[Subsystems] Discovering subsystems at path C:/Users/Usuario/Documents/REPOSITORIOS/RepGameMK0/GameMK0/GameMK0/Assets
GfxDevice: creating device client; threaded=0; jobified=0
Direct3D:
    Version:  Direct3D 11.0 [level 11.1]
    Renderer: AMD Radeon(TM) Graphics (ID=0x1638)
    Vendor:   ATI
    VRAM:     7878 MB
    Driver:   31.0.14043.7000
Initialize mono
Mono path[0] = 'D:/Program Files/2021.3.15f1/Editor/Data/Managed'
Mono path[1] = 'D:/Program Files/2021.3.15f1/Editor/Data/MonoBleedingEdge/lib/mono/unityjit-win32'
Mono config path = 'D:/Program Files/2021.3.15f1/Editor/Data/MonoBleedingEdge/etc'
Using monoOptions --debugger-agent=transport=dt_socket,embedding=1,server=y,suspend=n,address=127.0.0.1:56796
Begin MonoManager ReloadAssembly
Registering precompiled unity dll's ...
Register platform support module: D:/Program Files/2021.3.15f1/Editor/Data/PlaybackEngines/WindowsStandaloneSupport/UnityEditor.WindowsStandalone.Extensions.dll
Registered in 0.002439 seconds.
Native extension for WindowsStandalone target not found
Refreshing native plugins compatible for Editor in 74.59 ms, found 4 plugins.
Preloading 0 native plugins for Editor in 0.00 ms.
Mono: successfully reloaded assembly
- Completed reload, in  0.583 seconds
Domain Reload Profiling:
	ReloadAssembly (583ms)
		BeginReloadAssembly (96ms)
			ExecutionOrderSort (0ms)
			DisableScriptedObjects (0ms)
			BackupInstance (0ms)
			ReleaseScriptingObjects (0ms)
			CreateAndSetChildDomain (1ms)
		EndReloadAssembly (394ms)
			LoadAssemblies (96ms)
			RebuildTransferFunctionScriptingTraits (0ms)
			SetupTypeCache (91ms)
			ReleaseScriptCaches (0ms)
			RebuildScriptCaches (22ms)
			SetupLoadedEditorAssemblies (231ms)
				LogAssemblyErrors (0ms)
				InitializePlatformSupportModulesInManaged (6ms)
				SetLoadedEditorAssemblies (0ms)
				RefreshPlugins (75ms)
				BeforeProcessingInitializeOnLoad (1ms)
				ProcessInitializeOnLoadAttributes (109ms)
				ProcessInitializeOnLoadMethodAttributes (40ms)
				AfterProcessingInitializeOnLoad (0ms)
				EditorAssembliesLoaded (0ms)
			ExecutionOrderSort2 (0ms)
			AwakeInstancesAfterBackupRestoration (0ms)
Platform modules already initialized, skipping
Registering precompiled user dll's ...
Registered in 0.012586 seconds.
Begin MonoManager ReloadAssembly
Symbol file LoadedFromMemory doesn't match image C:\Users\Usuario\Documents\REPOSITORIOS\RepGameMK0\GameMK0\GameMK0\Library\PackageCache\com.unity.visualscripting@1.8.0\Editor\VisualScripting.Core\Dependencies\YamlDotNet\Unity.VisualScripting.YamlDotNet.dll
Symbol file LoadedFromMemory doesn't match image C:\Users\Usuario\Documents\REPOSITORIOS\RepGameMK0\GameMK0\GameMK0\Library\PackageCache\com.unity.visualscripting@1.8.0\Editor\VisualScripting.Core\Dependencies\DotNetZip\Unity.VisualScripting.IonicZip.dll
Native extension for WindowsStandalone target not found
Refreshing native plugins compatible for Editor in 72.16 ms, found 4 plugins.
Preloading 0 native plugins for Editor in 0.00 ms.
Mono: successfully reloaded assembly
- Completed reload, in  1.060 seconds
Domain Reload Profiling:
	ReloadAssembly (1061ms)
		BeginReloadAssembly (123ms)
			ExecutionOrderSort (0ms)
			DisableScriptedObjects (5ms)
			BackupInstance (0ms)
			ReleaseScriptingObjects (0ms)
			CreateAndSetChildDomain (19ms)
		EndReloadAssembly (833ms)
			LoadAssemblies (106ms)
			RebuildTransferFunctionScriptingTraits (0ms)
			SetupTypeCache (200ms)
			ReleaseScriptCaches (1ms)
			RebuildScriptCaches (46ms)
			SetupLoadedEditorAssemblies (466ms)
				LogAssemblyErrors (0ms)
				InitializePlatformSupportModulesInManaged (3ms)
				SetLoadedEditorAssemblies (0ms)
				RefreshPlugins (72ms)
				BeforeProcessingInitializeOnLoad (92ms)
				ProcessInitializeOnLoadAttributes (262ms)
				ProcessInitializeOnLoadMethodAttributes (33ms)
				AfterProcessingInitializeOnLoad (2ms)
				EditorAssembliesLoaded (0ms)
			ExecutionOrderSort2 (0ms)
			AwakeInstancesAfterBackupRestoration (4ms)
Platform modules already initialized, skipping
========================================================================
Worker process is ready to serve import requests
Launched and connected shader compiler UnityShaderCompiler.exe after 0.04 seconds
Refreshing native plugins compatible for Editor in 0.73 ms, found 4 plugins.
Preloading 0 native plugins for Editor in 0.00 ms.
Unloading 3772 Unused Serialized files (Serialized files now loaded: 0)
Unloading 46 unused Assets / (56.1 KB). Loaded Objects now: 4221.
Memory consumption went from 144.0 MB to 143.9 MB.
Total: 3.392100 ms (FindLiveObjects: 0.292200 ms CreateObjectMapping: 0.257900 ms MarkObjects: 2.749900 ms  DeleteObjects: 0.091200 ms)

AssetImportParameters requested are different than current active one (requested -> active):
  custom:video-decoder-ogg-theora: a1e56fd34408186e4bbccfd4996cb3dc -> 
  custom:container-muxer-webm: aa71ff27fc2769a1b78a27578f13a17b -> 
  custom:container-demuxer-webm: 4f35f7cbe854078d1ac9338744f61a02 -> 
  custom:video-encoder-webm-vp8: eb34c28f22e8b96e1ab97ce403110664 -> 
  custom:audio-encoder-webm-vorbis: bf7c407c2cedff20999df2af8eb42d56 -> 
  custom:framework-win-MediaFoundation: 216162199b28c13a410421893ffa2e32 -> 
  custom:container-demuxer-ogg: 62fdf1f143b41e24485cea50d1cbac27 -> 
  custom:video-decoder-webm-vp8: 9c59270c3fd7afecdb556c50c9e8de78 -> 
  custom:audio-decoder-ogg-vorbis: bf7c407c2cedff20999df2af8eb42d56 -> 
========================================================================
Received Import Request.
  Time since last request: 43459.822376 seconds.
  path: Assets/Pixel Adventure 1/Assets/Terrain/MK0Tiles/Terrain (16x16) 1_79.asset
  artifactKey: Guid(9261840a27f5c3842bce53c945374b0b) Importer(815301076,1909f56bfc062723c751e8b465ee728b)
Start importing Assets/Pixel Adventure 1/Assets/Terrain/MK0Tiles/Terrain (16x16) 1_79.asset using Guid(9261840a27f5c3842bce53c945374b0b) Importer(815301076,1909f56bfc062723c751e8b465ee728b)  -> (artifact id: 'c2715835eb97dafe507bbab6efa6de35') in 0.061248 seconds 
========================================================================
Received Import Request.
  Time since last request: 0.000021 seconds.
  path: Assets/Pixel Adventure 1/Assets/Terrain/MK0Tiles/Terrain (16x16) 1_94.asset
  artifactKey: Guid(c25b2f6b2bc08684f8209b5372c92170) Importer(815301076,1909f56bfc062723c751e8b465ee728b)
Start importing Assets/Pixel Adventure 1/Assets/Terrain/MK0Tiles/Terrain (16x16) 1_94.asset using Guid(c25b2f6b2bc08684f8209b5372c92170) Importer(815301076,1909f56bfc062723c751e8b465ee728b)  -> (artifact id: '3d72288f959085ce01c5c84dc12964bc') in 0.010656 seconds 
========================================================================
Received Import Request.
  Time since last request: 0.000043 seconds.
  path: Assets/Pixel Adventure 1/Assets/Terrain/MK0Tiles/Terrain (16x16) 1_136.asset
  artifactKey: Guid(a98539a9b447f9049897c02ed34e7d12) Importer(815301076,1909f56bfc062723c751e8b465ee728b)
Start importing Assets/Pixel Adventure 1/Assets/Terrain/MK0Tiles/Terrain (16x16) 1_136.asset using Guid(a98539a9b447f9049897c02ed34e7d12) Importer(815301076,1909f56bfc062723c751e8b465ee728b)  -> (artifact id: '1f9657c981141e550466239c32a50ea2') in 0.009670 seconds 
========================================================================
Received Import Request.
  Time since last request: 0.000026 seconds.
  path: Assets/Pixel Adventure 1/Assets/Terrain/MK0Tiles/Terrain (16x16) 1_103.asset
  artifactKey: Guid(1a8c1a35d7550c94493ceb7f7b6d35bd) Importer(815301076,1909f56bfc062723c751e8b465ee728b)
Start importing Assets/Pixel Adventure 1/Assets/Terrain/MK0Tiles/Terrain (16x16) 1_103.asset using Guid(1a8c1a35d7550c94493ceb7f7b6d35bd) Importer(815301076,1909f56bfc062723c751e8b465ee728b)  -> (artifact id: 'a814850b6f401a764d44c3c3a189c988') in 0.012520 seconds 
========================================================================
Received Import Request.
  Time since last request: 0.000018 seconds.
  path: Assets/Pixel Adventure 1/Assets/Terrain/MK0Tiles/Terrain (16x16) 1_75.asset
  artifactKey: Guid(be42452dedf5a7f499a988237bcd6e7d) Importer(815301076,1909f56bfc062723c751e8b465ee728b)
Start importing Assets/Pixel Adventure 1/Assets/Terrain/MK0Tiles/Terrain (16x16) 1_75.asset using Guid(be42452dedf5a7f499a988237bcd6e7d) Importer(815301076,1909f56bfc062723c751e8b465ee728b)  -> (artifact id: '264b7a755582b2909a50b51e0e1f141d') in 0.011893 seconds 
========================================================================
Received Import Request.
  Time since last request: 0.000022 seconds.
  path: Assets/Pixel Adventure 1/Assets/Terrain/MK0Tiles/Terrain (16x16) 1_134.asset
  artifactKey: Guid(a5094822a853fc4428e7b40e5d80ec28) Importer(815301076,1909f56bfc062723c751e8b465ee728b)
Start importing Assets/Pixel Adventure 1/Assets/Terrain/MK0Tiles/Terrain (16x16) 1_134.asset using Guid(a5094822a853fc4428e7b40e5d80ec28) Importer(815301076,1909f56bfc062723c751e8b465ee728b)  -> (artifact id: '7aa9d59653509190df1ea0148b6f4532') in 0.010123 seconds 
========================================================================
Received Import Request.
  Time since last request: 0.000020 seconds.
  path: Assets/Pixel Adventure 1/Assets/Terrain/MK0Tiles/Terrain (16x16) 1_141.asset
  artifactKey: Guid(5cd21348a3e8a8c4183a513a3b1778a3) Importer(815301076,1909f56bfc062723c751e8b465ee728b)
Start importing Assets/Pixel Adventure 1/Assets/Terrain/MK0Tiles/Terrain (16x16) 1_141.asset using Guid(5cd21348a3e8a8c4183a513a3b1778a3) Importer(815301076,1909f56bfc062723c751e8b465ee728b)  -> (artifact id: '9e8609c484bace229f6b00340bd2b3dd') in 0.011091 seconds 
========================================================================
Received Import Request.
  Time since last request: 0.000022 seconds.
  path: Assets/Pixel Adventure 1/Assets/Terrain/MK0Tiles/Terrain (16x16) 1_111.asset
  artifactKey: Guid(10631e48e12760340a76d34830481c26) Importer(815301076,1909f56bfc062723c751e8b465ee728b)
Start importing Assets/Pixel Adventure 1/Assets/Terrain/MK0Tiles/Terrain (16x16) 1_111.asset using Guid(10631e48e12760340a76d34830481c26) Importer(815301076,1909f56bfc062723c751e8b465ee728b)  -> (artifact id: '10152878d6123352ca85fde62cc081d5') in 0.011258 seconds 
========================================================================
Received Import Request.
  Time since last request: 0.000022 seconds.
  path: Assets/Pixel Adventure 1/Assets/Terrain/MK0Tiles/Terrain (16x16) 1_130.asset
  artifactKey: Guid(78313b5626d4e114c9b2c7772f213098) Importer(815301076,1909f56bfc062723c751e8b465ee728b)
Start importing Assets/Pixel Adventure 1/Assets/Terrain/MK0Tiles/Terrain (16x16) 1_130.asset using Guid(78313b5626d4e114c9b2c7772f213098) Importer(815301076,1909f56bfc062723c751e8b465ee728b)  -> (artifact id: '2bfd85a1fce4fa0e7ae614b90908a6b2') in 0.012484 seconds 
========================================================================
Received Import Request.
  Time since last request: 0.000020 seconds.
  path: Assets/Pixel Adventure 1/Assets/Terrain/MK0Tiles/Terrain (16x16) 1_93.asset
  artifactKey: Guid(5f20561d6a5dd2444b5d13eb63a39418) Importer(815301076,1909f56bfc062723c751e8b465ee728b)
Start importing Assets/Pixel Adventure 1/Assets/Terrain/MK0Tiles/Terrain (16x16) 1_93.asset using Guid(5f20561d6a5dd2444b5d13eb63a39418) Importer(815301076,1909f56bfc062723c751e8b465ee728b)  -> (artifact id: '383e7181761c639dbdea0c7193133fd3') in 0.011508 seconds 
========================================================================
Received Import Request.
  Time since last request: 0.000020 seconds.
  path: Assets/Pixel Adventure 1/Assets/Terrain/MK0Tiles/Terrain (16x16) 1_90.asset
  artifactKey: Guid(a73468d04460e3a4ea5b589e5e50eff8) Importer(815301076,1909f56bfc062723c751e8b465ee728b)
Start importing Assets/Pixel Adventure 1/Assets/Terrain/MK0Tiles/Terrain (16x16) 1_90.asset using Guid(a73468d04460e3a4ea5b589e5e50eff8) Importer(815301076,1909f56bfc062723c751e8b465ee728b)  -> (artifact id: '84130c531e9774e82df4968ec760fe3a') in 0.011111 seconds 
========================================================================
Received Import Request.
  Time since last request: 0.000021 seconds.
  path: Assets/Pixel Adventure 1/Assets/Terrain/MK0Tiles/Terrain (16x16) 1_96.asset
  artifactKey: Guid(ddf851d96b9f3294eafabdc168b8ce3d) Importer(815301076,1909f56bfc062723c751e8b465ee728b)
Start importing Assets/Pixel Adventure 1/Assets/Terrain/MK0Tiles/Terrain (16x16) 1_96.asset using Guid(ddf851d96b9f3294eafabdc168b8ce3d) Importer(815301076,1909f56bfc062723c751e8b465ee728b)  -> (artifact id: '592e059ed4894e68eb966d445c493299') in 0.010404 seconds 
========================================================================
Received Import Request.
  Time since last request: 0.000035 seconds.
  path: Assets/Pixel Adventure 1/Assets/Terrain/MK0Tiles/Terrain (16x16) 1_85.asset
  artifactKey: Guid(fd405ea2fe9ed4a4eabc5a664c7e1444) Importer(815301076,1909f56bfc062723c751e8b465ee728b)
Start importing Assets/Pixel Adventure 1/Assets/Terrain/MK0Tiles/Terrain (16x16) 1_85.asset using Guid(fd405ea2fe9ed4a4eabc5a664c7e1444) Importer(815301076,1909f56bfc062723c751e8b465ee728b)  -> (artifact id: '83d50fcba4983709c7ab51c3748bbf92') in 0.011537 seconds 
========================================================================
Received Import Request.
  Time since last request: 0.000020 seconds.
  path: Assets/Pixel Adventure 1/Assets/Terrain/MK0Tiles/Terrain (16x16) 1_66.asset
  artifactKey: Guid(50ff72fb13900f5458a6af2fc035f313) Importer(815301076,1909f56bfc062723c751e8b465ee728b)
Start importing Assets/Pixel Adventure 1/Assets/Terrain/MK0Tiles/Terrain (16x16) 1_66.asset using Guid(50ff72fb13900f5458a6af2fc035f313) Importer(815301076,1909f56bfc062723c751e8b465ee728b)  -> (artifact id: '33189ad24f741f781b7bbae58bb3ba2c') in 0.011809 seconds 
========================================================================
Received Import Request.
  Time since last request: 0.000020 seconds.
  path: Assets/Pixel Adventure 1/Assets/Terrain/MK0Tiles/Terrain (16x16) 1_65.asset
  artifactKey: Guid(ab63a9d13837136498730d686bbb295d) Importer(815301076,1909f56bfc062723c751e8b465ee728b)
Start importing Assets/Pixel Adventure 1/Assets/Terrain/MK0Tiles/Terrain (16x16) 1_65.asset using Guid(ab63a9d13837136498730d686bbb295d) Importer(815301076,1909f56bfc062723c751e8b465ee728b)  -> (artifact id: 'e38f36d473e53023c9a9fcf52719449d') in 0.011150 seconds 
========================================================================
Received Import Request.
  Time since last request: 0.000030 seconds.
  path: Assets/Pixel Adventure 1/Assets/Terrain/MK0Tiles/Terrain (16x16) 1_80.asset
  artifactKey: Guid(6ec7b3c4ffc8ef54f84cb32ac97e46e1) Importer(815301076,1909f56bfc062723c751e8b465ee728b)
Start importing Assets/Pixel Adventure 1/Assets/Terrain/MK0Tiles/Terrain (16x16) 1_80.asset using Guid(6ec7b3c4ffc8ef54f84cb32ac97e46e1) Importer(815301076,1909f56bfc062723c751e8b465ee728b)  -> (artifact id: 'abcad4f9428f0d20fe41001a445edec6') in 0.010374 seconds 
========================================================================
Received Import Request.
  Time since last request: 0.000055 seconds.
  path: Assets/Pixel Adventure 1/Assets/Terrain/MK0Tiles/Terrain (16x16) 1_89.asset
  artifactKey: Guid(19feb35d09150784bb3af8cca4c75d00) Importer(815301076,1909f56bfc062723c751e8b465ee728b)
Start importing Assets/Pixel Adventure 1/Assets/Terrain/MK0Tiles/Terrain (16x16) 1_89.asset using Guid(19feb35d09150784bb3af8cca4c75d00) Importer(815301076,1909f56bfc062723c751e8b465ee728b)  -> (artifact id: '76b5a0e3fcc231881efcc52800522e1a') in 0.009376 seconds 
========================================================================
Received Import Request.
  Time since last request: 0.000022 seconds.
  path: Assets/Pixel Adventure 1/Assets/Terrain/MK0Tiles/Terrain (16x16) 1_110.asset
  artifactKey: Guid(7d7f5900064c7874a82c70dfb6d2bf22) Importer(815301076,1909f56bfc062723c751e8b465ee728b)
Start importing Assets/Pixel Adventure 1/Assets/Terrain/MK0Tiles/Terrain (16x16) 1_110.asset using Guid(7d7f5900064c7874a82c70dfb6d2bf22) Importer(815301076,1909f56bfc062723c751e8b465ee728b)  -> (artifact id: '5140d44a1ecc956683613ac87cd48ba5') in 0.010776 seconds 
========================================================================
Received Import Request.
  Time since last request: 0.000020 seconds.
  path: Assets/Pixel Adventure 1/Assets/Terrain/MK0Tiles/Terrain (16x16) 1_116.asset
  artifactKey: Guid(24cd5b171a565e34da0804fc69bdee11) Importer(815301076,1909f56bfc062723c751e8b465ee728b)
Start importing Assets/Pixel Adventure 1/Assets/Terrain/MK0Tiles/Terrain (16x16) 1_116.asset using Guid(24cd5b171a565e34da0804fc69bdee11) Importer(815301076,1909f56bfc062723c751e8b465ee728b)  -> (artifact id: 'dde7b43c43d6588d216665647a3ac140') in 0.010531 seconds 
========================================================================
Received Import Request.
  Time since last request: 0.000017 seconds.
  path: Assets/Pixel Adventure 1/Assets/Terrain/MK0Tiles/Terrain (16x16) 1_135.asset
  artifactKey: Guid(e2d24f1ee711e084a8361c76581c09e9) Importer(815301076,1909f56bfc062723c751e8b465ee728b)
Start importing Assets/Pixel Adventure 1/Assets/Terrain/MK0Tiles/Terrain (16x16) 1_135.asset using Guid(e2d24f1ee711e084a8361c76581c09e9) Importer(815301076,1909f56bfc062723c751e8b465ee728b)  -> (artifact id: '803e9ee4481dd77d41b5260cc0079dc4') in 0.010753 seconds 
========================================================================
Received Import Request.
  Time since last request: 0.000018 seconds.
  path: Assets/Pixel Adventure 1/Assets/Terrain/MK0Tiles/Terrain (16x16) 1_99.asset
  artifactKey: Guid(0ae587aee47d21d4b96b737d65f3d0de) Importer(815301076,1909f56bfc062723c751e8b465ee728b)
Start importing Assets/Pixel Adventure 1/Assets/Terrain/MK0Tiles/Terrain (16x16) 1_99.asset using Guid(0ae587aee47d21d4b96b737d65f3d0de) Importer(815301076,1909f56bfc062723c751e8b465ee728b)  -> (artifact id: 'acb34d6b55a0a8d4d214eb8d431a4938') in 0.012161 seconds 
========================================================================
Received Import Request.
  Time since last request: 0.000023 seconds.
  path: Assets/Pixel Adventure 1/Assets/Terrain/MK0Tiles/Terrain (16x16) 1_140.asset
  artifactKey: Guid(33ac5b0c979a02f4ab875467997e8599) Importer(815301076,1909f56bfc062723c751e8b465ee728b)
Start importing Assets/Pixel Adventure 1/Assets/Terrain/MK0Tiles/Terrain (16x16) 1_140.asset using Guid(33ac5b0c979a02f4ab875467997e8599) Importer(815301076,1909f56bfc062723c751e8b465ee728b)  -> (artifact id: '786a196c0e14f4fd002f67e25f103bd9') in 0.011845 seconds 
========================================================================
Received Import Request.
  Time since last request: 0.000020 seconds.
  path: Assets/Pixel Adventure 1/Assets/Terrain/MK0Tiles/Terrain (16x16) 1_67.asset
  artifactKey: Guid(f21ef723be34f504faa0b238c899bf7e) Importer(815301076,1909f56bfc062723c751e8b465ee728b)
Start importing Assets/Pixel Adventure 1/Assets/Terrain/MK0Tiles/Terrain (16x16) 1_67.asset using Guid(f21ef723be34f504faa0b238c899bf7e) Importer(815301076,1909f56bfc062723c751e8b465ee728b)  -> (artifact id: '763cb84edfbb6ee4df1b6b70d17adce0') in 0.011449 seconds 
========================================================================
Received Import Request.
  Time since last request: 0.000023 seconds.
  path: Assets/Pixel Adventure 1/Assets/Terrain/MK0Tiles/Terrain (16x16) 1_83.asset
  artifactKey: Guid(c1296e505be940247a85710c24499416) Importer(815301076,1909f56bfc062723c751e8b465ee728b)
Start importing Assets/Pixel Adventure 1/Assets/Terrain/MK0Tiles/Terrain (16x16) 1_83.asset using Guid(c1296e505be940247a85710c24499416) Importer(815301076,1909f56bfc062723c751e8b465ee728b)  -> (artifact id: '13acc600b07e80fdfc0819f35018442a') in 0.011061 seconds 
========================================================================
Received Import Request.
  Time since last request: 0.000018 seconds.
  path: Assets/Pixel Adventure 1/Assets/Terrain/MK0Tiles/Terrain (16x16) 1_126.asset
  artifactKey: Guid(4557545d9ed765d40aaf3f25c5ed07ea) Importer(815301076,1909f56bfc062723c751e8b465ee728b)
Start importing Assets/Pixel Adventure 1/Assets/Terrain/MK0Tiles/Terrain (16x16) 1_126.asset using Guid(4557545d9ed765d40aaf3f25c5ed07ea) Importer(815301076,1909f56bfc062723c751e8b465ee728b)  -> (artifact id: '9807cf6e8e2d874bd1179b5e4771e9cc') in 0.012147 seconds 
========================================================================
Received Import Request.
  Time since last request: 0.000023 seconds.
  path: Assets/Pixel Adventure 1/Assets/Terrain/MK0Tiles/Terrain (16x16) 1_97.asset
  artifactKey: Guid(22be90b9abecb3a4a95fe0f4d880a6e7) Importer(815301076,1909f56bfc062723c751e8b465ee728b)
Start importing Assets/Pixel Adventure 1/Assets/Terrain/MK0Tiles/Terrain (16x16) 1_97.asset using Guid(22be90b9abecb3a4a95fe0f4d880a6e7) Importer(815301076,1909f56bfc062723c751e8b465ee728b)  -> (artifact id: 'fe7749a8a1cb1a4623ba47c5c9148259') in 0.011600 seconds 
========================================================================
Received Import Request.
  Time since last request: 74.136559 seconds.
  path: Assets/Pixel Adventure 1/Assets/Items/Boxes/Box1/Break (28x24).png
  artifactKey: Guid(79022f0c1a1c5ce42bcba2ca880ef7fe) Importer(815301076,1909f56bfc062723c751e8b465ee728b)
Start importing Assets/Pixel Adventure 1/Assets/Items/Boxes/Box1/Break (28x24).png using Guid(79022f0c1a1c5ce42bcba2ca880ef7fe) Importer(815301076,1909f56bfc062723c751e8b465ee728b)  -> (artifact id: '1e8c8d3a9c2412958a1ae3ffd1b1a505') in 0.100860 seconds 
========================================================================
Received Import Request.
  Time since last request: 0.000023 seconds.
  path: Assets/Pixel Adventure 1/Assets/Items/Boxes/Box1/Idle.png
  artifactKey: Guid(48fd9917466ade44fa9bfd8326fab049) Importer(815301076,1909f56bfc062723c751e8b465ee728b)
Start importing Assets/Pixel Adventure 1/Assets/Items/Boxes/Box1/Idle.png using Guid(48fd9917466ade44fa9bfd8326fab049) Importer(815301076,1909f56bfc062723c751e8b465ee728b)  -> (artifact id: '1660add94cd6284a7381b865ad0ab931') in 0.016905 seconds 
========================================================================
Received Import Request.
  Time since last request: 5.327796 seconds.
  path: Assets/Pixel Adventure 1/Assets/Items/Boxes/Box3/Break (28x24).png
  artifactKey: Guid(32cc0ed12a4ceea46a9c541b632a008f) Importer(815301076,1909f56bfc062723c751e8b465ee728b)
Start importing Assets/Pixel Adventure 1/Assets/Items/Boxes/Box3/Break (28x24).png using Guid(32cc0ed12a4ceea46a9c541b632a008f) Importer(815301076,1909f56bfc062723c751e8b465ee728b)  -> (artifact id: '3acd77c7b499aaefe2bca9749a181768') in 0.024183 seconds 
========================================================================
Received Prepare
Registering precompiled user dll's ...
Registered in 0.012039 seconds.
Begin MonoManager ReloadAssembly
Symbol file LoadedFromMemory doesn't match image C:\Users\Usuario\Documents\REPOSITORIOS\RepGameMK0\GameMK0\GameMK0\Library\PackageCache\com.unity.visualscripting@1.8.0\Editor\VisualScripting.Core\Dependencies\YamlDotNet\Unity.VisualScripting.YamlDotNet.dll
Symbol file LoadedFromMemory doesn't match image C:\Users\Usuario\Documents\REPOSITORIOS\RepGameMK0\GameMK0\GameMK0\Library\PackageCache\com.unity.visualscripting@1.8.0\Editor\VisualScripting.Core\Dependencies\DotNetZip\Unity.VisualScripting.IonicZip.dll
Native extension for WindowsStandalone target not found
Refreshing native plugins compatible for Editor in 1.22 ms, found 4 plugins.
Preloading 0 native plugins for Editor in 0.00 ms.
Mono: successfully reloaded assembly
- Completed reload, in  1.815 seconds
Domain Reload Profiling:
	ReloadAssembly (1815ms)
		BeginReloadAssembly (303ms)
			ExecutionOrderSort (0ms)
			DisableScriptedObjects (8ms)
			BackupInstance (0ms)
			ReleaseScriptingObjects (0ms)
			CreateAndSetChildDomain (61ms)
		EndReloadAssembly (1369ms)
			LoadAssemblies (241ms)
			RebuildTransferFunctionScriptingTraits (0ms)
			SetupTypeCache (686ms)
			ReleaseScriptCaches (2ms)
			RebuildScriptCaches (55ms)
			SetupLoadedEditorAssemblies (462ms)
				LogAssemblyErrors (0ms)
				InitializePlatformSupportModulesInManaged (13ms)
				SetLoadedEditorAssemblies (1ms)
				RefreshPlugins (1ms)
				BeforeProcessingInitializeOnLoad (90ms)
				ProcessInitializeOnLoadAttributes (312ms)
				ProcessInitializeOnLoadMethodAttributes (41ms)
				AfterProcessingInitializeOnLoad (3ms)
				EditorAssembliesLoaded (0ms)
			ExecutionOrderSort2 (0ms)
			AwakeInstancesAfterBackupRestoration (12ms)
Platform modules already initialized, skipping
Refreshing native plugins compatible for Editor in 3.56 ms, found 4 plugins.
Preloading 0 native plugins for Editor in 0.00 ms.
Unloading 3761 Unused Serialized files (Serialized files now loaded: 0)
Unloading 32 unused Assets / (25.6 KB). Loaded Objects now: 4233.
Memory consumption went from 147.7 MB to 147.7 MB.
Total: 4.706300 ms (FindLiveObjects: 0.358800 ms CreateObjectMapping: 0.268000 ms MarkObjects: 3.995400 ms  DeleteObjects: 0.082200 ms)

AssetImportParameters requested are different than current active one (requested -> active):
  custom:video-decoder-ogg-theora: a1e56fd34408186e4bbccfd4996cb3dc -> 
  custom:container-muxer-webm: aa71ff27fc2769a1b78a27578f13a17b -> 
  custom:container-demuxer-webm: 4f35f7cbe854078d1ac9338744f61a02 -> 
  custom:video-encoder-webm-vp8: eb34c28f22e8b96e1ab97ce403110664 -> 
  custom:audio-encoder-webm-vorbis: bf7c407c2cedff20999df2af8eb42d56 -> 
  custom:framework-win-MediaFoundation: 216162199b28c13a410421893ffa2e32 -> 
  custom:container-demuxer-ogg: 62fdf1f143b41e24485cea50d1cbac27 -> 
  custom:video-decoder-webm-vp8: 9c59270c3fd7afecdb556c50c9e8de78 -> 
  custom:audio-decoder-ogg-vorbis: bf7c407c2cedff20999df2af8eb42d56 -> 
========================================================================
Received Import Request.
  Time since last request: 2652.651272 seconds.
  path: Assets/Pixel Adventure 1/Assets/Items/Checkpoints/Checkpoint
  artifactKey: Guid(d0194b0f37632844cbe5f12a0c2f7107) Importer(815301076,1909f56bfc062723c751e8b465ee728b)
Start importing Assets/Pixel Adventure 1/Assets/Items/Checkpoints/Checkpoint using Guid(d0194b0f37632844cbe5f12a0c2f7107) Importer(815301076,1909f56bfc062723c751e8b465ee728b)  -> (artifact id: 'fb00533a622bf822f4b37e1c07488dce') in 0.015315 seconds 
========================================================================
Received Import Request.
  Time since last request: 737.160620 seconds.
  path: Assets/Pixel Adventure 1/Assets/Items/Checkpoints/Checkpoint/Checkpoint (Flag Idle)(64x64).png
  artifactKey: Guid(27a107940057e8743a507269b18a691a) Importer(815301076,1909f56bfc062723c751e8b465ee728b)
Start importing Assets/Pixel Adventure 1/Assets/Items/Checkpoints/Checkpoint/Checkpoint (Flag Idle)(64x64).png using Guid(27a107940057e8743a507269b18a691a) Importer(815301076,1909f56bfc062723c751e8b465ee728b)  -> (artifact id: 'f383cdf802faa724ac9d92d02ee67932') in 0.065925 seconds 
========================================================================
Received Import Request.
  Time since last request: 188.535458 seconds.
  path: Assets/MK0Scripts/MKFinish.cs
  artifactKey: Guid(5c314ed11ce51e141945b9917f38fd36) Importer(815301076,1909f56bfc062723c751e8b465ee728b)
Start importing Assets/MK0Scripts/MKFinish.cs using Guid(5c314ed11ce51e141945b9917f38fd36) Importer(815301076,1909f56bfc062723c751e8b465ee728b)  -> (artifact id: '4bc796595b29fb6665de3b7459f4327d') in 0.010598 seconds 
========================================================================
Received Prepare
Registering precompiled user dll's ...
Registered in 0.010268 seconds.
Begin MonoManager ReloadAssembly
Symbol file LoadedFromMemory doesn't match image C:\Users\Usuario\Documents\REPOSITORIOS\RepGameMK0\GameMK0\GameMK0\Library\PackageCache\com.unity.visualscripting@1.8.0\Editor\VisualScripting.Core\Dependencies\YamlDotNet\Unity.VisualScripting.YamlDotNet.dll
Symbol file LoadedFromMemory doesn't match image C:\Users\Usuario\Documents\REPOSITORIOS\RepGameMK0\GameMK0\GameMK0\Library\PackageCache\com.unity.visualscripting@1.8.0\Editor\VisualScripting.Core\Dependencies\DotNetZip\Unity.VisualScripting.IonicZip.dll
Native extension for WindowsStandalone target not found
Refreshing native plugins compatible for Editor in 0.80 ms, found 4 plugins.
Preloading 0 native plugins for Editor in 0.00 ms.
Mono: successfully reloaded assembly
- Completed reload, in  0.909 seconds
Domain Reload Profiling:
	ReloadAssembly (910ms)
		BeginReloadAssembly (142ms)
			ExecutionOrderSort (0ms)
			DisableScriptedObjects (7ms)
			BackupInstance (0ms)
			ReleaseScriptingObjects (0ms)
			CreateAndSetChildDomain (39ms)
		EndReloadAssembly (689ms)
			LoadAssemblies (94ms)
			RebuildTransferFunctionScriptingTraits (0ms)
			SetupTypeCache (182ms)
			ReleaseScriptCaches (1ms)
			RebuildScriptCaches (34ms)
			SetupLoadedEditorAssemblies (350ms)
				LogAssemblyErrors (0ms)
				InitializePlatformSupportModulesInManaged (10ms)
				SetLoadedEditorAssemblies (0ms)
				RefreshPlugins (1ms)
				BeforeProcessingInitializeOnLoad (67ms)
				ProcessInitializeOnLoadAttributes (241ms)
				ProcessInitializeOnLoadMethodAttributes (29ms)
				AfterProcessingInitializeOnLoad (3ms)
				EditorAssembliesLoaded (0ms)
			ExecutionOrderSort2 (0ms)
			AwakeInstancesAfterBackupRestoration (7ms)
Platform modules already initialized, skipping
Refreshing native plugins compatible for Editor in 3.69 ms, found 4 plugins.
Preloading 0 native plugins for Editor in 0.00 ms.
Unloading 3762 Unused Serialized files (Serialized files now loaded: 0)
Unloading 32 unused Assets / (24.7 KB). Loaded Objects now: 4240.
Memory consumption went from 147.7 MB to 147.7 MB.
Total: 5.580400 ms (FindLiveObjects: 0.397800 ms CreateObjectMapping: 0.288900 ms MarkObjects: 4.812400 ms  DeleteObjects: 0.079700 ms)

AssetImportParameters requested are different than current active one (requested -> active):
  custom:video-decoder-ogg-theora: a1e56fd34408186e4bbccfd4996cb3dc -> 
  custom:container-muxer-webm: aa71ff27fc2769a1b78a27578f13a17b -> 
  custom:container-demuxer-webm: 4f35f7cbe854078d1ac9338744f61a02 -> 
  custom:video-encoder-webm-vp8: eb34c28f22e8b96e1ab97ce403110664 -> 
  custom:audio-encoder-webm-vorbis: bf7c407c2cedff20999df2af8eb42d56 -> 
  custom:framework-win-MediaFoundation: 216162199b28c13a410421893ffa2e32 -> 
  custom:container-demuxer-ogg: 62fdf1f143b41e24485cea50d1cbac27 -> 
  custom:video-decoder-webm-vp8: 9c59270c3fd7afecdb556c50c9e8de78 -> 
  custom:audio-decoder-ogg-vorbis: bf7c407c2cedff20999df2af8eb42d56 -> 
========================================================================
Received Import Request.
  Time since last request: 13.420843 seconds.
  path: Assets/MK0Scripts/MKItemCollector.cs
  artifactKey: Guid(df649471675c963438734b593f75e0c2) Importer(815301076,1909f56bfc062723c751e8b465ee728b)
Start importing Assets/MK0Scripts/MKItemCollector.cs using Guid(df649471675c963438734b593f75e0c2) Importer(815301076,1909f56bfc062723c751e8b465ee728b)  -> (artifact id: '82ab87b821e557ca9d3380aa51c093bb') in 0.013054 seconds 
========================================================================
Received Import Request.
  Time since last request: 1204.102740 seconds.
  path: Assets/Prefabs/MK0Finish.prefab
  artifactKey: Guid(30835a5dcb1ca9e42a03d8277ab36880) Importer(815301076,1909f56bfc062723c751e8b465ee728b)
Start importing Assets/Prefabs/MK0Finish.prefab using Guid(30835a5dcb1ca9e42a03d8277ab36880) Importer(815301076,1909f56bfc062723c751e8b465ee728b)  -> (artifact id: '6824efaace4ae2138cf0fcd09a1f4c1f') in 0.058906 seconds 
========================================================================
Received Import Request.
  Time since last request: 155.638825 seconds.
  path: Assets/Scenes/MK0FirstSteps.unity
  artifactKey: Guid(012468328d78784469a65c87665180e7) Importer(815301076,1909f56bfc062723c751e8b465ee728b)
Start importing Assets/Scenes/MK0FirstSteps.unity using Guid(012468328d78784469a65c87665180e7) Importer(815301076,1909f56bfc062723c751e8b465ee728b)  -> (artifact id: '5bc4c188f5c1404c679f2eb788aba03d') in 0.007417 seconds 
========================================================================
Received Import Request.
  Time since last request: 24.839763 seconds.
  path: Assets/Scenes/MK0Leve1.unity
  artifactKey: Guid(012468328d78784469a65c87665180e7) Importer(815301076,1909f56bfc062723c751e8b465ee728b)
Start importing Assets/Scenes/MK0Leve1.unity using Guid(012468328d78784469a65c87665180e7) Importer(815301076,1909f56bfc062723c751e8b465ee728b)  -> (artifact id: '091c8bf4ec14a986ebba133908f3ef5d') in 0.006168 seconds 
========================================================================
Received Import Request.
  Time since last request: 47.446665 seconds.
  path: Assets/Scenes/MK0Level 1.unity
  artifactKey: Guid(012468328d78784469a65c87665180e7) Importer(815301076,1909f56bfc062723c751e8b465ee728b)
Start importing Assets/Scenes/MK0Level 1.unity using Guid(012468328d78784469a65c87665180e7) Importer(815301076,1909f56bfc062723c751e8b465ee728b)  -> (artifact id: '8f595fb7818b9af388b3a00c00269af1') in 0.006741 seconds 
========================================================================
Received Import Request.
  Time since last request: 95.305471 seconds.
  path: Assets/Scenes/MK0Level 2.unity
  artifactKey: Guid(10fba2000d005724b85145afa1bc2f83) Importer(815301076,1909f56bfc062723c751e8b465ee728b)
Start importing Assets/Scenes/MK0Level 2.unity using Guid(10fba2000d005724b85145afa1bc2f83) Importer(815301076,1909f56bfc062723c751e8b465ee728b)  -> (artifact id: 'f9ae711450f53b5f4d0cab6984c3cad6') in 0.006839 seconds 
========================================================================
Received Import Request.
  Time since last request: 43.860954 seconds.
  path: Assets/Pixel Adventure 1/Assets/Background/Brown.png
  artifactKey: Guid(ca6a66f8e2ae9c24c8c6b39c49206a0d) Importer(815301076,1909f56bfc062723c751e8b465ee728b)
Start importing Assets/Pixel Adventure 1/Assets/Background/Brown.png using Guid(ca6a66f8e2ae9c24c8c6b39c49206a0d) Importer(815301076,1909f56bfc062723c751e8b465ee728b)  -> (artifact id: '8a048d94f9347d805122129e73bb2628') in 0.039250 seconds 
========================================================================
Received Import Request.
  Time since last request: 0.024016 seconds.
  path: Assets/Pixel Adventure 1/Assets/Background/Green.png
  artifactKey: Guid(2538710101d0f1f4e8976b3495cd1f75) Importer(815301076,1909f56bfc062723c751e8b465ee728b)
Start importing Assets/Pixel Adventure 1/Assets/Background/Green.png using Guid(2538710101d0f1f4e8976b3495cd1f75) Importer(815301076,1909f56bfc062723c751e8b465ee728b)  -> (artifact id: '0932d854cae2ec779a1597cdaad11a70') in 0.015937 seconds 
========================================================================
Received Import Request.
  Time since last request: 0.000051 seconds.
  path: Assets/Pixel Adventure 1/Assets/Background/Yellow.png
  artifactKey: Guid(4d8c75a4d7dd2a0489270e1058d82128) Importer(815301076,1909f56bfc062723c751e8b465ee728b)
Start importing Assets/Pixel Adventure 1/Assets/Background/Yellow.png using Guid(4d8c75a4d7dd2a0489270e1058d82128) Importer(815301076,1909f56bfc062723c751e8b465ee728b)  -> (artifact id: 'de09182d2d89f29c7f7805e5c02cf26a') in 0.016743 seconds 
Editor requested this worker to shutdown with reason: Scaling down because of idle timeout
AssetImportWorker is now disconnected from the server
Process exiting
Exiting without the bug reporter. Application will terminate with return code 0