Using pre-set license
Built from '2021.3/staging' branch; Version is '2021.3.15f1 (e8e88683f834) revision 15263878'; Using compiler version '192829333'; Build Type 'Release'
OS: 'Windows 10  (10.0.19045) 64bit Professional' Language: 'es' Physical Memory: 15756 MB
BatchMode: 1, IsHumanControllingUs: 0, StartBugReporterOnCrash: 0, Is64bit: 1, IsPro: 1

COMMAND LINE ARGUMENTS:
D:\Program Files\2021.3.15f1\Editor\Unity.exe
-adb2
-batchMode
-noUpm
-name
AssetImportWorker2
-projectPath
C:/Users/Usuario/Documents/REPOSITORIOS/RepGameMK0/GameMK0/GameMK0
-logFile
Logs/AssetImportWorker2.log
-srvPort
60461
Successfully changed project path to: C:/Users/Usuario/Documents/REPOSITORIOS/RepGameMK0/GameMK0/GameMK0
C:/Users/Usuario/Documents/REPOSITORIOS/RepGameMK0/GameMK0/GameMK0
[UnityMemory] Configuration Parameters - Can be set up in boot.config
    "memorysetup-bucket-allocator-granularity=16"
    "memorysetup-bucket-allocator-bucket-count=8"
    "memorysetup-bucket-allocator-block-size=33554432"
    "memorysetup-bucket-allocator-block-count=8"
    "memorysetup-main-allocator-block-size=16777216"
    "memorysetup-thread-allocator-block-size=16777216"
    "memorysetup-gfx-main-allocator-block-size=16777216"
    "memorysetup-gfx-thread-allocator-block-size=16777216"
    "memorysetup-cache-allocator-block-size=4194304"
    "memorysetup-typetree-allocator-block-size=2097152"
    "memorysetup-profiler-bucket-allocator-granularity=16"
    "memorysetup-profiler-bucket-allocator-bucket-count=8"
    "memorysetup-profiler-bucket-allocator-block-size=33554432"
    "memorysetup-profiler-bucket-allocator-block-count=8"
    "memorysetup-profiler-allocator-block-size=16777216"
    "memorysetup-profiler-editor-allocator-block-size=1048576"
    "memorysetup-temp-allocator-size-main=16777216"
    "memorysetup-job-temp-allocator-block-size=2097152"
    "memorysetup-job-temp-allocator-block-size-background=1048576"
    "memorysetup-job-temp-allocator-reduction-small-platforms=262144"
    "memorysetup-temp-allocator-size-background-worker=32768"
    "memorysetup-temp-allocator-size-job-worker=262144"
    "memorysetup-temp-allocator-size-preload-manager=33554432"
    "memorysetup-temp-allocator-size-nav-mesh-worker=65536"
    "memorysetup-temp-allocator-size-audio-worker=65536"
    "memorysetup-temp-allocator-size-cloud-worker=32768"
    "memorysetup-temp-allocator-size-gi-baking-worker=262144"
    "memorysetup-temp-allocator-size-gfx=262144"
Player connection [21880] Host "[IP] 192.168.1.6 [Port] 0 [Flags] 2 [Guid] 1768719375 [EditorId] 1768719375 [Version] 1048832 [Id] WindowsEditor(7,DESKTOP-6MBNGNC) [Debug] 1 [PackageName] WindowsEditor [ProjectName] Editor" joined multi-casting on [225.0.0.222:54997]...

Player connection [21880] Host "[IP] 192.168.1.6 [Port] 0 [Flags] 2 [Guid] 1768719375 [EditorId] 1768719375 [Version] 1048832 [Id] WindowsEditor(7,DESKTOP-6MBNGNC) [Debug] 1 [PackageName] WindowsEditor [ProjectName] Editor" joined alternative multi-casting on [225.0.0.222:34997]...

Refreshing native plugins compatible for Editor in 81.15 ms, found 4 plugins.
Preloading 0 native plugins for Editor in 0.00 ms.
Initialize engine version: 2021.3.15f1 (e8e88683f834)
[Subsystems] Discovering subsystems at path D:/Program Files/2021.3.15f1/Editor/Data/Resources/UnitySubsystems
[Subsystems] Discovering subsystems at path C:/Users/Usuario/Documents/REPOSITORIOS/RepGameMK0/GameMK0/GameMK0/Assets
GfxDevice: creating device client; threaded=0; jobified=0
Direct3D:
    Version:  Direct3D 11.0 [level 11.1]
    Renderer: AMD Radeon(TM) Graphics (ID=0x1638)
    Vendor:   ATI
    VRAM:     7878 MB
    Driver:   31.0.14043.7000
Initialize mono
Mono path[0] = 'D:/Program Files/2021.3.15f1/Editor/Data/Managed'
Mono path[1] = 'D:/Program Files/2021.3.15f1/Editor/Data/MonoBleedingEdge/lib/mono/unityjit-win32'
Mono config path = 'D:/Program Files/2021.3.15f1/Editor/Data/MonoBleedingEdge/etc'
Using monoOptions --debugger-agent=transport=dt_socket,embedding=1,server=y,suspend=n,address=127.0.0.1:56488
Begin MonoManager ReloadAssembly
Registering precompiled unity dll's ...
Register platform support module: D:/Program Files/2021.3.15f1/Editor/Data/PlaybackEngines/WindowsStandaloneSupport/UnityEditor.WindowsStandalone.Extensions.dll
Registered in 0.002469 seconds.
Native extension for WindowsStandalone target not found
Refreshing native plugins compatible for Editor in 81.62 ms, found 4 plugins.
Preloading 0 native plugins for Editor in 0.00 ms.
Mono: successfully reloaded assembly
- Completed reload, in  0.591 seconds
Domain Reload Profiling:
	ReloadAssembly (591ms)
		BeginReloadAssembly (95ms)
			ExecutionOrderSort (0ms)
			DisableScriptedObjects (0ms)
			BackupInstance (0ms)
			ReleaseScriptingObjects (0ms)
			CreateAndSetChildDomain (1ms)
		EndReloadAssembly (406ms)
			LoadAssemblies (95ms)
			RebuildTransferFunctionScriptingTraits (0ms)
			SetupTypeCache (91ms)
			ReleaseScriptCaches (0ms)
			RebuildScriptCaches (23ms)
			SetupLoadedEditorAssemblies (242ms)
				LogAssemblyErrors (0ms)
				InitializePlatformSupportModulesInManaged (6ms)
				SetLoadedEditorAssemblies (0ms)
				RefreshPlugins (82ms)
				BeforeProcessingInitializeOnLoad (1ms)
				ProcessInitializeOnLoadAttributes (113ms)
				ProcessInitializeOnLoadMethodAttributes (40ms)
				AfterProcessingInitializeOnLoad (0ms)
				EditorAssembliesLoaded (0ms)
			ExecutionOrderSort2 (0ms)
			AwakeInstancesAfterBackupRestoration (0ms)
Platform modules already initialized, skipping
Registering precompiled user dll's ...
Registered in 0.013729 seconds.
Begin MonoManager ReloadAssembly
Symbol file LoadedFromMemory doesn't match image C:\Users\Usuario\Documents\REPOSITORIOS\RepGameMK0\GameMK0\GameMK0\Library\PackageCache\com.unity.visualscripting@1.8.0\Editor\VisualScripting.Core\Dependencies\YamlDotNet\Unity.VisualScripting.YamlDotNet.dll
Symbol file LoadedFromMemory doesn't match image C:\Users\Usuario\Documents\REPOSITORIOS\RepGameMK0\GameMK0\GameMK0\Library\PackageCache\com.unity.visualscripting@1.8.0\Editor\VisualScripting.Core\Dependencies\DotNetZip\Unity.VisualScripting.IonicZip.dll
Native extension for WindowsStandalone target not found
Refreshing native plugins compatible for Editor in 73.11 ms, found 4 plugins.
Preloading 0 native plugins for Editor in 0.00 ms.
Mono: successfully reloaded assembly
- Completed reload, in  1.059 seconds
Domain Reload Profiling:
	ReloadAssembly (1059ms)
		BeginReloadAssembly (123ms)
			ExecutionOrderSort (0ms)
			DisableScriptedObjects (6ms)
			BackupInstance (0ms)
			ReleaseScriptingObjects (0ms)
			CreateAndSetChildDomain (18ms)
		EndReloadAssembly (834ms)
			LoadAssemblies (108ms)
			RebuildTransferFunctionScriptingTraits (0ms)
			SetupTypeCache (200ms)
			ReleaseScriptCaches (1ms)
			RebuildScriptCaches (47ms)
			SetupLoadedEditorAssemblies (466ms)
				LogAssemblyErrors (0ms)
				InitializePlatformSupportModulesInManaged (3ms)
				SetLoadedEditorAssemblies (0ms)
				RefreshPlugins (73ms)
				BeforeProcessingInitializeOnLoad (88ms)
				ProcessInitializeOnLoadAttributes (266ms)
				ProcessInitializeOnLoadMethodAttributes (32ms)
				AfterProcessingInitializeOnLoad (3ms)
				EditorAssembliesLoaded (0ms)
			ExecutionOrderSort2 (0ms)
			AwakeInstancesAfterBackupRestoration (5ms)
Platform modules already initialized, skipping
========================================================================
Worker process is ready to serve import requests
Launched and connected shader compiler UnityShaderCompiler.exe after 0.04 seconds
Refreshing native plugins compatible for Editor in 1.13 ms, found 4 plugins.
Preloading 0 native plugins for Editor in 0.00 ms.
Unloading 3772 Unused Serialized files (Serialized files now loaded: 0)
Unloading 46 unused Assets / (56.1 KB). Loaded Objects now: 4221.
Memory consumption went from 144.0 MB to 143.9 MB.
Total: 2.892000 ms (FindLiveObjects: 0.283300 ms CreateObjectMapping: 0.094900 ms MarkObjects: 2.435100 ms  DeleteObjects: 0.077800 ms)

AssetImportParameters requested are different than current active one (requested -> active):
  custom:video-decoder-ogg-theora: a1e56fd34408186e4bbccfd4996cb3dc -> 
  custom:container-muxer-webm: aa71ff27fc2769a1b78a27578f13a17b -> 
  custom:container-demuxer-webm: 4f35f7cbe854078d1ac9338744f61a02 -> 
  custom:video-encoder-webm-vp8: eb34c28f22e8b96e1ab97ce403110664 -> 
  custom:audio-encoder-webm-vorbis: bf7c407c2cedff20999df2af8eb42d56 -> 
  custom:framework-win-MediaFoundation: 216162199b28c13a410421893ffa2e32 -> 
  custom:container-demuxer-ogg: 62fdf1f143b41e24485cea50d1cbac27 -> 
  custom:video-decoder-webm-vp8: 9c59270c3fd7afecdb556c50c9e8de78 -> 
  custom:audio-decoder-ogg-vorbis: bf7c407c2cedff20999df2af8eb42d56 -> 
========================================================================
Received Import Request.
  Time since last request: 43459.813830 seconds.
  path: Assets/Pixel Adventure 1/Assets/Terrain/MK0Tiles/Terrain (16x16) 1_100.asset
  artifactKey: Guid(18ec3b957fc26b0428f18fb5ce1df2aa) Importer(815301076,1909f56bfc062723c751e8b465ee728b)
Start importing Assets/Pixel Adventure 1/Assets/Terrain/MK0Tiles/Terrain (16x16) 1_100.asset using Guid(18ec3b957fc26b0428f18fb5ce1df2aa) Importer(815301076,1909f56bfc062723c751e8b465ee728b)  -> (artifact id: 'cbf67a8d9a3d25285e8cf19ede0786f1') in 0.065953 seconds 
========================================================================
Received Import Request.
  Time since last request: 0.000021 seconds.
  path: Assets/Pixel Adventure 1/Assets/Terrain/MK0Tiles/Terrain (16x16) 1_70.asset
  artifactKey: Guid(452aa7521b9ef8743b9d273653f3e4b8) Importer(815301076,1909f56bfc062723c751e8b465ee728b)
Start importing Assets/Pixel Adventure 1/Assets/Terrain/MK0Tiles/Terrain (16x16) 1_70.asset using Guid(452aa7521b9ef8743b9d273653f3e4b8) Importer(815301076,1909f56bfc062723c751e8b465ee728b)  -> (artifact id: '85e11732c5d5f5573b8048a9f4184872') in 0.010244 seconds 
========================================================================
Received Import Request.
  Time since last request: 0.000082 seconds.
  path: Assets/Pixel Adventure 1/Assets/Terrain/MK0Tiles/Terrain (16x16) 1_84.asset
  artifactKey: Guid(70727cc83782cbc4a9837ff6a96c01d8) Importer(815301076,1909f56bfc062723c751e8b465ee728b)
Start importing Assets/Pixel Adventure 1/Assets/Terrain/MK0Tiles/Terrain (16x16) 1_84.asset using Guid(70727cc83782cbc4a9837ff6a96c01d8) Importer(815301076,1909f56bfc062723c751e8b465ee728b)  -> (artifact id: '3732d527a76aa5b4b144fabc1e9e94ad') in 0.012696 seconds 
========================================================================
Received Import Request.
  Time since last request: 0.000023 seconds.
  path: Assets/Pixel Adventure 1/Assets/Terrain/MK0Tiles/Terrain (16x16) 1_139.asset
  artifactKey: Guid(bc2b042fd216c50469dc47d19dd3b2d4) Importer(815301076,1909f56bfc062723c751e8b465ee728b)
Start importing Assets/Pixel Adventure 1/Assets/Terrain/MK0Tiles/Terrain (16x16) 1_139.asset using Guid(bc2b042fd216c50469dc47d19dd3b2d4) Importer(815301076,1909f56bfc062723c751e8b465ee728b)  -> (artifact id: 'a7dbee437d3fd90afe0b62256f87e83f') in 0.014781 seconds 
========================================================================
Received Import Request.
  Time since last request: 0.000020 seconds.
  path: Assets/Pixel Adventure 1/Assets/Terrain/MK0Tiles/Terrain (16x16) 1_81.asset
  artifactKey: Guid(e83779822af5add45bbb3292502a3aba) Importer(815301076,1909f56bfc062723c751e8b465ee728b)
Start importing Assets/Pixel Adventure 1/Assets/Terrain/MK0Tiles/Terrain (16x16) 1_81.asset using Guid(e83779822af5add45bbb3292502a3aba) Importer(815301076,1909f56bfc062723c751e8b465ee728b)  -> (artifact id: '1561b55a8573b3c3c8952f5b2594cfd8') in 0.012112 seconds 
========================================================================
Received Import Request.
  Time since last request: 0.000018 seconds.
  path: Assets/Pixel Adventure 1/Assets/Terrain/MK0Tiles/Terrain (16x16) 1_112.asset
  artifactKey: Guid(6c82651266562a247a355442040fe9fa) Importer(815301076,1909f56bfc062723c751e8b465ee728b)
Start importing Assets/Pixel Adventure 1/Assets/Terrain/MK0Tiles/Terrain (16x16) 1_112.asset using Guid(6c82651266562a247a355442040fe9fa) Importer(815301076,1909f56bfc062723c751e8b465ee728b)  -> (artifact id: '60d283a8980e36919027241c7019215c') in 0.010173 seconds 
========================================================================
Received Import Request.
  Time since last request: 0.000020 seconds.
  path: Assets/Pixel Adventure 1/Assets/Terrain/MK0Tiles/Terrain (16x16) 1_114.asset
  artifactKey: Guid(98e6f592acaf66b44a095060c8d903ef) Importer(815301076,1909f56bfc062723c751e8b465ee728b)
Start importing Assets/Pixel Adventure 1/Assets/Terrain/MK0Tiles/Terrain (16x16) 1_114.asset using Guid(98e6f592acaf66b44a095060c8d903ef) Importer(815301076,1909f56bfc062723c751e8b465ee728b)  -> (artifact id: '514606977ec095ad6413b89277051aad') in 0.013318 seconds 
========================================================================
Received Import Request.
  Time since last request: 0.000052 seconds.
  path: Assets/Pixel Adventure 1/Assets/Terrain/MK0Tiles/Terrain (16x16) 1_109.asset
  artifactKey: Guid(b4a89a56ba3b051408fa2c28fabeb32d) Importer(815301076,1909f56bfc062723c751e8b465ee728b)
Start importing Assets/Pixel Adventure 1/Assets/Terrain/MK0Tiles/Terrain (16x16) 1_109.asset using Guid(b4a89a56ba3b051408fa2c28fabeb32d) Importer(815301076,1909f56bfc062723c751e8b465ee728b)  -> (artifact id: 'f2f00ec9674dd3287f81da56421a0b2d') in 0.010265 seconds 
========================================================================
Received Import Request.
  Time since last request: 0.000021 seconds.
  path: Assets/Pixel Adventure 1/Assets/Terrain/MK0Tiles/Terrain (16x16) 1_69.asset
  artifactKey: Guid(bd46fe9e104a0344da49c7989aad6546) Importer(815301076,1909f56bfc062723c751e8b465ee728b)
Start importing Assets/Pixel Adventure 1/Assets/Terrain/MK0Tiles/Terrain (16x16) 1_69.asset using Guid(bd46fe9e104a0344da49c7989aad6546) Importer(815301076,1909f56bfc062723c751e8b465ee728b)  -> (artifact id: 'abd1462e6e27675e5569b25d9565d1ae') in 0.009659 seconds 
========================================================================
Received Import Request.
  Time since last request: 0.000025 seconds.
  path: Assets/Pixel Adventure 1/Assets/Terrain/MK0Tiles/Terrain (16x16) 1_92.asset
  artifactKey: Guid(20c361fc25f5df94e825062cbaa6830b) Importer(815301076,1909f56bfc062723c751e8b465ee728b)
Start importing Assets/Pixel Adventure 1/Assets/Terrain/MK0Tiles/Terrain (16x16) 1_92.asset using Guid(20c361fc25f5df94e825062cbaa6830b) Importer(815301076,1909f56bfc062723c751e8b465ee728b)  -> (artifact id: '7c3562ac6849c4c3cb44548158308cf9') in 0.010503 seconds 
========================================================================
Received Import Request.
  Time since last request: 0.000041 seconds.
  path: Assets/Pixel Adventure 1/Assets/Terrain/MK0Tiles/Terrain (16x16) 1_74.asset
  artifactKey: Guid(a4ca924ff849cd643aca25b4b7df7350) Importer(815301076,1909f56bfc062723c751e8b465ee728b)
Start importing Assets/Pixel Adventure 1/Assets/Terrain/MK0Tiles/Terrain (16x16) 1_74.asset using Guid(a4ca924ff849cd643aca25b4b7df7350) Importer(815301076,1909f56bfc062723c751e8b465ee728b)  -> (artifact id: '2075592733bf330ba53c25d4646b37f5') in 0.010334 seconds 
========================================================================
Received Import Request.
  Time since last request: 0.000327 seconds.
  path: Assets/Pixel Adventure 1/Assets/Terrain/MK0Tiles/Terrain (16x16) 1_138.asset
  artifactKey: Guid(b6474a28b7d08c842af4dbce2b2287c8) Importer(815301076,1909f56bfc062723c751e8b465ee728b)
Start importing Assets/Pixel Adventure 1/Assets/Terrain/MK0Tiles/Terrain (16x16) 1_138.asset using Guid(b6474a28b7d08c842af4dbce2b2287c8) Importer(815301076,1909f56bfc062723c751e8b465ee728b)  -> (artifact id: 'da5d73845ba7bc90df0293deb7fff6fb') in 0.009834 seconds 
========================================================================
Received Import Request.
  Time since last request: 0.000040 seconds.
  path: Assets/Pixel Adventure 1/Assets/Terrain/MK0Tiles/Terrain (16x16) 1_123.asset
  artifactKey: Guid(fc5c5befd95dc184093b04c543b21be4) Importer(815301076,1909f56bfc062723c751e8b465ee728b)
Start importing Assets/Pixel Adventure 1/Assets/Terrain/MK0Tiles/Terrain (16x16) 1_123.asset using Guid(fc5c5befd95dc184093b04c543b21be4) Importer(815301076,1909f56bfc062723c751e8b465ee728b)  -> (artifact id: 'f9be1031a4f7a9820d6be6b77aad6be5') in 0.010154 seconds 
========================================================================
Received Import Request.
  Time since last request: 0.000017 seconds.
  path: Assets/Pixel Adventure 1/Assets/Terrain/MK0Tiles/Terrain (16x16) 1_77.asset
  artifactKey: Guid(464555689585e8844864f13875f18cc3) Importer(815301076,1909f56bfc062723c751e8b465ee728b)
Start importing Assets/Pixel Adventure 1/Assets/Terrain/MK0Tiles/Terrain (16x16) 1_77.asset using Guid(464555689585e8844864f13875f18cc3) Importer(815301076,1909f56bfc062723c751e8b465ee728b)  -> (artifact id: '764b61b13201f512446af57f625dd6b4') in 0.011171 seconds 
========================================================================
Received Import Request.
  Time since last request: 0.000022 seconds.
  path: Assets/Pixel Adventure 1/Assets/Terrain/MK0Tiles/Terrain (16x16) 1_105.asset
  artifactKey: Guid(274cbf39d5181ba46872d6b4f510f54f) Importer(815301076,1909f56bfc062723c751e8b465ee728b)
Start importing Assets/Pixel Adventure 1/Assets/Terrain/MK0Tiles/Terrain (16x16) 1_105.asset using Guid(274cbf39d5181ba46872d6b4f510f54f) Importer(815301076,1909f56bfc062723c751e8b465ee728b)  -> (artifact id: '5de40920e47dc314d0154e5c8bd94dcc') in 0.010037 seconds 
========================================================================
Received Import Request.
  Time since last request: 0.000039 seconds.
  path: Assets/Pixel Adventure 1/Assets/Terrain/MK0Tiles/Terrain (16x16) 1_73.asset
  artifactKey: Guid(24395cc7adb34094c953325d7130d8df) Importer(815301076,1909f56bfc062723c751e8b465ee728b)
Start importing Assets/Pixel Adventure 1/Assets/Terrain/MK0Tiles/Terrain (16x16) 1_73.asset using Guid(24395cc7adb34094c953325d7130d8df) Importer(815301076,1909f56bfc062723c751e8b465ee728b)  -> (artifact id: '0410ff1bcfec48e7ad3afd3e1fa25e72') in 0.011555 seconds 
========================================================================
Received Import Request.
  Time since last request: 0.000042 seconds.
  path: Assets/Pixel Adventure 1/Assets/Terrain/MK0Tiles/Terrain (16x16) 1_86.asset
  artifactKey: Guid(76c7271d581e7e04e8569c2ca87ef133) Importer(815301076,1909f56bfc062723c751e8b465ee728b)
Start importing Assets/Pixel Adventure 1/Assets/Terrain/MK0Tiles/Terrain (16x16) 1_86.asset using Guid(76c7271d581e7e04e8569c2ca87ef133) Importer(815301076,1909f56bfc062723c751e8b465ee728b)  -> (artifact id: 'a9c1b0c3c9e854d48a2b85739da77e9d') in 0.010501 seconds 
========================================================================
Received Import Request.
  Time since last request: 0.000029 seconds.
  path: Assets/Pixel Adventure 1/Assets/Terrain/MK0Tiles/Terrain (16x16) 1_106.asset
  artifactKey: Guid(358cc1b5e0ee9a34db093a2f8fe5157e) Importer(815301076,1909f56bfc062723c751e8b465ee728b)
Start importing Assets/Pixel Adventure 1/Assets/Terrain/MK0Tiles/Terrain (16x16) 1_106.asset using Guid(358cc1b5e0ee9a34db093a2f8fe5157e) Importer(815301076,1909f56bfc062723c751e8b465ee728b)  -> (artifact id: '94d64a3084d2b061d0848d5b348503d1') in 0.011444 seconds 
========================================================================
Received Import Request.
  Time since last request: 0.000020 seconds.
  path: Assets/Pixel Adventure 1/Assets/Terrain/MK0Tiles/Terrain (16x16) 1_129.asset
  artifactKey: Guid(b3c0e9da69b97df43bdbb7b4c5488af3) Importer(815301076,1909f56bfc062723c751e8b465ee728b)
Start importing Assets/Pixel Adventure 1/Assets/Terrain/MK0Tiles/Terrain (16x16) 1_129.asset using Guid(b3c0e9da69b97df43bdbb7b4c5488af3) Importer(815301076,1909f56bfc062723c751e8b465ee728b)  -> (artifact id: '049aa2ff6100940ebaa457a4f887e1f0') in 0.011783 seconds 
========================================================================
Received Import Request.
  Time since last request: 0.000022 seconds.
  path: Assets/Pixel Adventure 1/Assets/Terrain/MK0Tiles/Terrain (16x16) 1_132.asset
  artifactKey: Guid(d41f68b17d5cdd347a3a99ad354de82f) Importer(815301076,1909f56bfc062723c751e8b465ee728b)
Start importing Assets/Pixel Adventure 1/Assets/Terrain/MK0Tiles/Terrain (16x16) 1_132.asset using Guid(d41f68b17d5cdd347a3a99ad354de82f) Importer(815301076,1909f56bfc062723c751e8b465ee728b)  -> (artifact id: '3eafd7210d08c9720c0041c06b44380e') in 0.011424 seconds 
========================================================================
Received Import Request.
  Time since last request: 0.000023 seconds.
  path: Assets/Pixel Adventure 1/Assets/Terrain/MK0Tiles/Terrain (16x16) 1_125.asset
  artifactKey: Guid(cddb758a22a4a524783a47ca258c8bfc) Importer(815301076,1909f56bfc062723c751e8b465ee728b)
Start importing Assets/Pixel Adventure 1/Assets/Terrain/MK0Tiles/Terrain (16x16) 1_125.asset using Guid(cddb758a22a4a524783a47ca258c8bfc) Importer(815301076,1909f56bfc062723c751e8b465ee728b)  -> (artifact id: '02343fb6182eaa66d91d702588390e71') in 0.011659 seconds 
========================================================================
Received Import Request.
  Time since last request: 0.000018 seconds.
  path: Assets/Pixel Adventure 1/Assets/Terrain/MK0Tiles/Terrain (16x16) 1_88.asset
  artifactKey: Guid(9f999997d6cc8d64ba28a5704831c2b3) Importer(815301076,1909f56bfc062723c751e8b465ee728b)
Start importing Assets/Pixel Adventure 1/Assets/Terrain/MK0Tiles/Terrain (16x16) 1_88.asset using Guid(9f999997d6cc8d64ba28a5704831c2b3) Importer(815301076,1909f56bfc062723c751e8b465ee728b)  -> (artifact id: '94483df92abea64270bfd35f0c0e5829') in 0.012616 seconds 
========================================================================
Received Import Request.
  Time since last request: 0.000043 seconds.
  path: Assets/Pixel Adventure 1/Assets/Terrain/MK0Tiles/Terrain (16x16) 1_143.asset
  artifactKey: Guid(b3f0ea6b07f035d47a0547f77c17b64c) Importer(815301076,1909f56bfc062723c751e8b465ee728b)
Start importing Assets/Pixel Adventure 1/Assets/Terrain/MK0Tiles/Terrain (16x16) 1_143.asset using Guid(b3f0ea6b07f035d47a0547f77c17b64c) Importer(815301076,1909f56bfc062723c751e8b465ee728b)  -> (artifact id: 'a216e1bafc4c4325433d4cf795123652') in 0.012552 seconds 
========================================================================
Received Import Request.
  Time since last request: 0.000026 seconds.
  path: Assets/Pixel Adventure 1/Assets/Terrain/MK0Tiles/Terrain (16x16) 1_120.asset
  artifactKey: Guid(0d12cdfd0fc0e2041b462078142c36ee) Importer(815301076,1909f56bfc062723c751e8b465ee728b)
Start importing Assets/Pixel Adventure 1/Assets/Terrain/MK0Tiles/Terrain (16x16) 1_120.asset using Guid(0d12cdfd0fc0e2041b462078142c36ee) Importer(815301076,1909f56bfc062723c751e8b465ee728b)  -> (artifact id: '876cf4f8210f6b86b658a03ac2c4b057') in 0.011936 seconds 
========================================================================
Received Import Request.
  Time since last request: 0.000021 seconds.
  path: Assets/Pixel Adventure 1/Assets/Terrain/MK0Tiles/Terrain (16x16) 1_78.asset
  artifactKey: Guid(f58dacdaf185ba14992daf52bb755644) Importer(815301076,1909f56bfc062723c751e8b465ee728b)
Start importing Assets/Pixel Adventure 1/Assets/Terrain/MK0Tiles/Terrain (16x16) 1_78.asset using Guid(f58dacdaf185ba14992daf52bb755644) Importer(815301076,1909f56bfc062723c751e8b465ee728b)  -> (artifact id: '5a0682e8b64c5bb6d8ed8b8d3ad15694') in 0.012343 seconds 
========================================================================
Received Import Request.
  Time since last request: 0.000022 seconds.
  path: Assets/Pixel Adventure 1/Assets/Terrain/MK0Tiles/Terrain (16x16) 1_118.asset
  artifactKey: Guid(5104b83725b671743ae424362a723808) Importer(815301076,1909f56bfc062723c751e8b465ee728b)
Start importing Assets/Pixel Adventure 1/Assets/Terrain/MK0Tiles/Terrain (16x16) 1_118.asset using Guid(5104b83725b671743ae424362a723808) Importer(815301076,1909f56bfc062723c751e8b465ee728b)  -> (artifact id: '86309c98074c19b5fd22f105f9cf667d') in 0.012148 seconds 
Editor requested this worker to shutdown with reason: Scaling down because of idle timeout
AssetImportWorker is now disconnected from the server
Process exiting
Exiting without the bug reporter. Application will terminate with return code 0